<?xml version="1.0" encoding="UTF-8"?>
<testng-results ignored="0" total="4" passed="3" failed="1" skipped="0">
  <reporter-output>
  </reporter-output>
  <suite started-at="2021-03-22T15:48:37 IST" name="Suite" finished-at="2021-03-22T15:49:08 IST" duration-ms="31084">
    <groups>
    </groups>
    <test started-at="2021-03-22T15:48:37 IST" name="Test1" finished-at="2021-03-22T15:48:47 IST" duration-ms="9677">
      <class name="academy.HomepageTest">
        <test-method is-config="true" signature="initialization()[pri:0, instance:academy.HomepageTest@314b8f2d]" started-at="2021-03-22T15:48:37 IST" name="initialization" finished-at="2021-03-22T15:48:40 IST" duration-ms="2922" status="PASS">
          <reporter-output>
          </reporter-output>
        </test-method> <!-- initialization -->
        <test-method signature="clicklogin()[pri:0, instance:academy.HomepageTest@314b8f2d]" started-at="2021-03-22T15:48:40 IST" name="clicklogin" finished-at="2021-03-22T15:48:45 IST" duration-ms="4862" status="PASS">
          <reporter-output>
          </reporter-output>
        </test-method> <!-- clicklogin -->
        <test-method is-config="true" signature="closeTheBrowser()[pri:0, instance:academy.HomepageTest@314b8f2d]" started-at="2021-03-22T15:48:45 IST" name="closeTheBrowser" finished-at="2021-03-22T15:48:47 IST" duration-ms="1864" status="PASS">
          <reporter-output>
          </reporter-output>
        </test-method> <!-- closeTheBrowser -->
      </class> <!-- academy.HomepageTest -->
    </test> <!-- Test1 -->
    <test started-at="2021-03-22T15:48:47 IST" name="Test2" finished-at="2021-03-22T15:48:55 IST" duration-ms="7772">
      <class name="academy.Assertvalidation">
        <test-method is-config="true" signature="initialization()[pri:0, instance:academy.Assertvalidation@7807ac2c]" started-at="2021-03-22T15:48:47 IST" name="initialization" finished-at="2021-03-22T15:48:49 IST" duration-ms="1771" status="PASS">
          <reporter-output>
          </reporter-output>
        </test-method> <!-- initialization -->
        <test-method signature="validateMessage()[pri:0, instance:academy.Assertvalidation@7807ac2c]" started-at="2021-03-22T15:48:49 IST" name="validateMessage" finished-at="2021-03-22T15:48:54 IST" duration-ms="5355" status="FAIL">
          <exception class="java.lang.AssertionError">
            <message>
              <![CDATA[expected:<FEATURED COURSES> but was:<FEATURED COURSES123>]]>
            </message>
            <full-stacktrace>
              <![CDATA[java.lang.AssertionError: expected:<FEATURED COURSES> but was:<FEATURED COURSES123>
at org.testng.AssertJUnit.assertEquals(AssertJUnit.java:115)
at org.testng.AssertJUnit.assertEquals(AssertJUnit.java:125)
at academy.Assertvalidation.validateMessage(Assertvalidation.java:37)
at java.base/jdk.internal.reflect.NativeMethodAccessorImpl.invoke0(Native Method)
at java.base/jdk.internal.reflect.NativeMethodAccessorImpl.invoke(NativeMethodAccessorImpl.java:62)
at java.base/jdk.internal.reflect.DelegatingMethodAccessorImpl.invoke(DelegatingMethodAccessorImpl.java:43)
at java.base/java.lang.reflect.Method.invoke(Method.java:564)
at org.testng.internal.MethodInvocationHelper.invokeMethod(MethodInvocationHelper.java:133)
at org.testng.internal.TestInvoker.invokeMethod(TestInvoker.java:598)
at org.testng.internal.TestInvoker.invokeTestMethod(TestInvoker.java:173)
at org.testng.internal.MethodRunner.runInSequence(MethodRunner.java:46)
at org.testng.internal.TestInvoker$MethodInvocationAgent.invoke(TestInvoker.java:824)
at org.testng.internal.TestInvoker.invokeTestMethods(TestInvoker.java:146)
at org.testng.internal.TestMethodWorker.invokeTestMethods(TestMethodWorker.java:146)
at org.testng.internal.TestMethodWorker.run(TestMethodWorker.java:128)
at java.base/java.util.ArrayList.forEach(ArrayList.java:1378)
at org.testng.TestRunner.privateRun(TestRunner.java:794)
at org.testng.TestRunner.run(TestRunner.java:596)
at org.testng.SuiteRunner.runTest(SuiteRunner.java:377)
at org.testng.SuiteRunner.runSequentially(SuiteRunner.java:371)
at org.testng.SuiteRunner.privateRun(SuiteRunner.java:332)
at org.testng.SuiteRunner.run(SuiteRunner.java:276)
at org.testng.SuiteRunnerWorker.runSuite(SuiteRunnerWorker.java:53)
at org.testng.SuiteRunnerWorker.run(SuiteRunnerWorker.java:96)
at org.testng.TestNG.runSuitesSequentially(TestNG.java:1212)
at org.testng.TestNG.runSuitesLocally(TestNG.java:1134)
at org.testng.TestNG.runSuites(TestNG.java:1063)
at org.testng.TestNG.run(TestNG.java:1031)
at org.apache.maven.surefire.testng.TestNGExecutor.run(TestNGExecutor.java:283)
at org.apache.maven.surefire.testng.TestNGXmlTestSuite.execute(TestNGXmlTestSuite.java:75)
at org.apache.maven.surefire.testng.TestNGProvider.invoke(TestNGProvider.java:120)
at org.apache.maven.surefire.booter.ForkedBooter.invokeProviderInSameClassLoader(ForkedBooter.java:379)
at org.apache.maven.surefire.booter.ForkedBooter.runSuitesInProcess(ForkedBooter.java:340)
at org.apache.maven.surefire.booter.ForkedBooter.execute(ForkedBooter.java:125)
at org.apache.maven.surefire.booter.ForkedBooter.main(ForkedBooter.java:413)
]]>
            </full-stacktrace>
          </exception> <!-- java.lang.AssertionError -->
          <reporter-output>
          </reporter-output>
        </test-method> <!-- validateMessage -->
        <test-method is-config="true" signature="closeTheBrowser()[pri:0, instance:academy.Assertvalidation@7807ac2c]" started-at="2021-03-22T15:48:55 IST" name="closeTheBrowser" finished-at="2021-03-22T15:48:55 IST" duration-ms="204" status="PASS">
          <reporter-output>
          </reporter-output>
        </test-method> <!-- closeTheBrowser -->
      </class> <!-- academy.Assertvalidation -->
    </test> <!-- Test2 -->
    <test started-at="2021-03-22T15:48:55 IST" name="Test4" finished-at="2021-03-22T15:49:08 IST" duration-ms="13140">
      <class name="academy.LoginpageTest">
        <test-method is-config="true" signature="initialization()[pri:0, instance:academy.LoginpageTest@49f5c307]" started-at="2021-03-22T15:48:55 IST" name="initialization" finished-at="2021-03-22T15:48:56 IST" duration-ms="1549" status="PASS">
          <reporter-output>
          </reporter-output>
        </test-method> <!-- initialization -->
        <test-method signature="enterUnamePassword(java.lang.String,java.lang.String)[pri:0, instance:academy.LoginpageTest@49f5c307]" started-at="2021-03-22T15:48:56 IST" name="enterUnamePassword" data-provider="getData" finished-at="2021-03-22T15:49:02 IST" duration-ms="5426" status="PASS">
          <params>
            <param index="0">
              <value>
                <![CDATA[sai]]>
              </value>
            </param>
            <param index="1">
              <value>
                <![CDATA[praneeth]]>
              </value>
            </param>
          </params>
          <reporter-output>
          </reporter-output>
        </test-method> <!-- enterUnamePassword -->
        <test-method signature="enterUnamePassword(java.lang.String,java.lang.String)[pri:0, instance:academy.LoginpageTest@49f5c307]" started-at="2021-03-22T15:49:02 IST" name="enterUnamePassword" data-provider="getData" finished-at="2021-03-22T15:49:04 IST" duration-ms="2081" status="PASS">
          <params>
            <param index="0">
              <value>
                <![CDATA[sai]]>
              </value>
            </param>
            <param index="1">
              <value>
                <![CDATA[praneeth]]>
              </value>
            </param>
          </params>
          <reporter-output>
          </reporter-output>
        </test-method> <!-- enterUnamePassword -->
        <test-method is-config="true" signature="closeTheBrowser()[pri:0, instance:academy.LoginpageTest@49f5c307]" started-at="2021-03-22T15:49:04 IST" name="closeTheBrowser" finished-at="2021-03-22T15:49:08 IST" duration-ms="4077" status="PASS">
          <reporter-output>
          </reporter-output>
        </test-method> <!-- closeTheBrowser -->
      </class> <!-- academy.LoginpageTest -->
    </test> <!-- Test4 -->
  </suite> <!-- Suite -->
</testng-results>
