<?xml version="1.0" encoding="UTF-8"?>
<testng-results ignored="0" total="4" passed="3" failed="1" skipped="0">
  <reporter-output>
  </reporter-output>
  <suite started-at="2021-03-22T14:43:29 IST" name="Suite" finished-at="2021-03-22T14:44:12 IST" duration-ms="42985">
    <groups>
    </groups>
    <test started-at="2021-03-22T14:43:29 IST" name="Test1" finished-at="2021-03-22T14:43:42 IST" duration-ms="13392">
      <class name="academy.HomepageTest">
        <test-method is-config="true" signature="initialization()[pri:0, instance:academy.HomepageTest@1b5bc39d]" started-at="2021-03-22T14:43:29 IST" name="initialization" finished-at="2021-03-22T14:43:36 IST" duration-ms="7647" status="PASS">
          <reporter-output>
          </reporter-output>
        </test-method> <!-- initialization -->
        <test-method signature="clicklogin()[pri:0, instance:academy.HomepageTest@1b5bc39d]" started-at="2021-03-22T14:43:36 IST" name="clicklogin" finished-at="2021-03-22T14:43:42 IST" duration-ms="5563" status="PASS">
          <reporter-output>
          </reporter-output>
        </test-method> <!-- clicklogin -->
        <test-method is-config="true" signature="closeTheBrowser()[pri:0, instance:academy.HomepageTest@1b5bc39d]" started-at="2021-03-22T14:43:42 IST" name="closeTheBrowser" finished-at="2021-03-22T14:43:42 IST" duration-ms="133" status="PASS">
          <reporter-output>
          </reporter-output>
        </test-method> <!-- closeTheBrowser -->
      </class> <!-- academy.HomepageTest -->
    </test> <!-- Test1 -->
    <test started-at="2021-03-22T14:43:43 IST" name="Test2" finished-at="2021-03-22T14:43:54 IST" duration-ms="11403">
      <class name="academy.Assertvalidation">
        <test-method is-config="true" signature="initialization()[pri:0, instance:academy.Assertvalidation@5769e7ae]" started-at="2021-03-22T14:43:43 IST" name="initialization" finished-at="2021-03-22T14:43:45 IST" duration-ms="2116" status="PASS">
          <reporter-output>
          </reporter-output>
        </test-method> <!-- initialization -->
        <test-method signature="validateMessage()[pri:0, instance:academy.Assertvalidation@5769e7ae]" started-at="2021-03-22T14:43:45 IST" name="validateMessage" finished-at="2021-03-22T14:43:53 IST" duration-ms="7771" status="FAIL">
          <exception class="java.lang.AssertionError">
            <message>
              <![CDATA[expected:<FEATURED COURSES> but was:<FEATURED COURSES123>]]>
            </message>
            <full-stacktrace>
              <![CDATA[java.lang.AssertionError: expected:<FEATURED COURSES> but was:<FEATURED COURSES123>
at org.testng.AssertJUnit.assertEquals(AssertJUnit.java:115)
at org.testng.AssertJUnit.assertEquals(AssertJUnit.java:125)
at academy.Assertvalidation.validateMessage(Assertvalidation.java:37)
at java.base/jdk.internal.reflect.NativeMethodAccessorImpl.invoke0(Native Method)
at java.base/jdk.internal.reflect.NativeMethodAccessorImpl.invoke(Unknown Source)
at java.base/jdk.internal.reflect.DelegatingMethodAccessorImpl.invoke(Unknown Source)
at java.base/java.lang.reflect.Method.invoke(Unknown Source)
at org.testng.internal.MethodInvocationHelper.invokeMethod(MethodInvocationHelper.java:133)
at org.testng.internal.TestInvoker.invokeMethod(TestInvoker.java:598)
at org.testng.internal.TestInvoker.invokeTestMethod(TestInvoker.java:173)
at org.testng.internal.MethodRunner.runInSequence(MethodRunner.java:46)
at org.testng.internal.TestInvoker$MethodInvocationAgent.invoke(TestInvoker.java:824)
at org.testng.internal.TestInvoker.invokeTestMethods(TestInvoker.java:146)
at org.testng.internal.TestMethodWorker.invokeTestMethods(TestMethodWorker.java:146)
at org.testng.internal.TestMethodWorker.run(TestMethodWorker.java:128)
at java.base/java.util.ArrayList.forEach(Unknown Source)
at org.testng.TestRunner.privateRun(TestRunner.java:794)
at org.testng.TestRunner.run(TestRunner.java:596)
at org.testng.SuiteRunner.runTest(SuiteRunner.java:377)
at org.testng.SuiteRunner.runSequentially(SuiteRunner.java:371)
at org.testng.SuiteRunner.privateRun(SuiteRunner.java:332)
at org.testng.SuiteRunner.run(SuiteRunner.java:276)
at org.testng.SuiteRunnerWorker.runSuite(SuiteRunnerWorker.java:53)
at org.testng.SuiteRunnerWorker.run(SuiteRunnerWorker.java:96)
at org.testng.TestNG.runSuitesSequentially(TestNG.java:1212)
at org.testng.TestNG.runSuitesLocally(TestNG.java:1134)
at org.testng.TestNG.runSuites(TestNG.java:1063)
at org.testng.TestNG.run(TestNG.java:1031)
at org.testng.remote.AbstractRemoteTestNG.run(AbstractRemoteTestNG.java:115)
at org.testng.remote.RemoteTestNG.initAndRun(RemoteTestNG.java:251)
at org.testng.remote.RemoteTestNG.main(RemoteTestNG.java:77)
]]>
            </full-stacktrace>
          </exception> <!-- java.lang.AssertionError -->
          <reporter-output>
          </reporter-output>
        </test-method> <!-- validateMessage -->
        <test-method is-config="true" signature="closeTheBrowser()[pri:0, instance:academy.Assertvalidation@5769e7ae]" started-at="2021-03-22T14:43:53 IST" name="closeTheBrowser" finished-at="2021-03-22T14:43:54 IST" duration-ms="965" status="PASS">
          <reporter-output>
          </reporter-output>
        </test-method> <!-- closeTheBrowser -->
      </class> <!-- academy.Assertvalidation -->
    </test> <!-- Test2 -->
    <test started-at="2021-03-22T14:43:54 IST" name="Test4" finished-at="2021-03-22T14:44:12 IST" duration-ms="17296">
      <class name="academy.LoginpageTest">
        <test-method is-config="true" signature="initialization()[pri:0, instance:academy.LoginpageTest@2ad3a1bb]" started-at="2021-03-22T14:43:54 IST" name="initialization" finished-at="2021-03-22T14:43:56 IST" duration-ms="2166" status="PASS">
          <reporter-output>
          </reporter-output>
        </test-method> <!-- initialization -->
        <test-method signature="enterUnamePassword(java.lang.String,java.lang.String)[pri:0, instance:academy.LoginpageTest@2ad3a1bb]" started-at="2021-03-22T14:43:56 IST" name="enterUnamePassword" data-provider="getData" finished-at="2021-03-22T14:44:04 IST" duration-ms="7676" status="PASS">
          <params>
            <param index="0">
              <value>
                <![CDATA[sai]]>
              </value>
            </param>
            <param index="1">
              <value>
                <![CDATA[praneeth]]>
              </value>
            </param>
          </params>
          <reporter-output>
          </reporter-output>
        </test-method> <!-- enterUnamePassword -->
        <test-method signature="enterUnamePassword(java.lang.String,java.lang.String)[pri:0, instance:academy.LoginpageTest@2ad3a1bb]" started-at="2021-03-22T14:44:04 IST" name="enterUnamePassword" data-provider="getData" finished-at="2021-03-22T14:44:07 IST" duration-ms="2516" status="PASS">
          <params>
            <param index="0">
              <value>
                <![CDATA[sai]]>
              </value>
            </param>
            <param index="1">
              <value>
                <![CDATA[praneeth]]>
              </value>
            </param>
          </params>
          <reporter-output>
          </reporter-output>
        </test-method> <!-- enterUnamePassword -->
        <test-method is-config="true" signature="closeTheBrowser()[pri:0, instance:academy.LoginpageTest@2ad3a1bb]" started-at="2021-03-22T14:44:07 IST" name="closeTheBrowser" finished-at="2021-03-22T14:44:12 IST" duration-ms="4929" status="PASS">
          <reporter-output>
          </reporter-output>
        </test-method> <!-- closeTheBrowser -->
      </class> <!-- academy.LoginpageTest -->
    </test> <!-- Test4 -->
  </suite> <!-- Suite -->
</testng-results>
